[2026-01-08 23:41:38] SOC Monitor started - continuous mode
[2026-01-08 23:41:38] Starting network scan...
[2026-01-08 23:41:38] PCAP parse error: [Errno 2] No such file or directory: 'tshark'
[2026-01-08 23:41:38] [BLOCKED] IP: 192.168.32.11
[2026-01-08 23:41:50] Scan complete. Threats: 2, Blocked IPs: 1
[2026-01-08 23:42:20] Starting network scan...
[2026-01-08 23:42:20] PCAP parse error: [Errno 2] No such file or directory: 'tshark'
[2026-01-08 23:42:20] Scan complete. Threats: 2, Blocked IPs: 1
[2026-01-08 23:42:50] Starting network scan...
[2026-01-08 23:42:50] PCAP parse error: [Errno 2] No such file or directory: 'tshark'
[2026-01-08 23:43:01] Scan complete. Threats: 2, Blocked IPs: 1
[2026-01-08 23:43:31] Starting network scan...
[2026-01-08 23:43:31] PCAP parse error: [Errno 2] No such file or directory: 'tshark'
[2026-01-08 23:43:31] Scan complete. Threats: 2, Blocked IPs: 1
[2026-01-08 23:44:01] Starting network scan...
[2026-01-08 23:44:01] PCAP parse error: [Errno 2] No such file or directory: 'tshark'
[2026-01-08 23:44:12] Scan complete. Threats: 2, Blocked IPs: 1
[2026-01-08 23:44:42] Starting network scan...
[2026-01-08 23:44:42] PCAP parse error: [Errno 2] No such file or directory: 'tshark'
[2026-01-08 23:44:42] Scan complete. Threats: 2, Blocked IPs: 1
[2026-01-08 23:45:12] Starting network scan...
[2026-01-08 23:45:12] PCAP parse error: [Errno 2] No such file or directory: 'tshark'
[2026-01-08 23:45:23] Scan complete. Threats: 2, Blocked IPs: 1
[2026-01-08 23:45:53] Starting network scan...
[2026-01-08 23:45:53] PCAP parse error: [Errno 2] No such file or directory: 'tshark'
[2026-01-08 23:45:53] Scan complete. Threats: 2, Blocked IPs: 1
[2026-01-08 23:46:23] Starting network scan...
[2026-01-08 23:46:23] PCAP parse error: [Errno 2] No such file or directory: 'tshark'
[2026-01-08 23:46:34] Scan complete. Threats: 2, Blocked IPs: 1
[2026-01-08 23:47:04] Starting network scan...
[2026-01-08 23:47:04] PCAP parse error: [Errno 2] No such file or directory: 'tshark'
[2026-01-08 23:47:04] Scan complete. Threats: 2, Blocked IPs: 1
[2026-01-08 23:47:34] Starting network scan...
[2026-01-08 23:47:34] PCAP parse error: [Errno 2] No such file or directory: 'tshark'
[2026-01-08 23:47:46] Scan complete. Threats: 2, Blocked IPs: 1
[2026-01-08 23:48:16] Starting network scan...
[2026-01-08 23:48:16] PCAP parse error: [Errno 2] No such file or directory: 'tshark'
[2026-01-08 23:48:16] Scan complete. Threats: 2, Blocked IPs: 1
[2026-01-08 23:48:46] Starting network scan...
[2026-01-08 23:48:46] PCAP parse error: [Errno 2] No such file or directory: 'tshark'
[2026-01-08 23:48:57] Scan complete. Threats: 2, Blocked IPs: 1
[2026-01-08 23:49:27] Starting network scan...
[2026-01-08 23:49:27] PCAP parse error: [Errno 2] No such file or directory: 'tshark'
[2026-01-08 23:49:27] Scan complete. Threats: 2, Blocked IPs: 1
[2026-01-08 23:49:57] Starting network scan...
[2026-01-08 23:49:57] PCAP parse error: [Errno 2] No such file or directory: 'tshark'
[2026-01-08 23:50:08] Scan complete. Threats: 2, Blocked IPs: 1
[2026-01-08 23:50:38] Starting network scan...
[2026-01-08 23:50:38] PCAP parse error: [Errno 2] No such file or directory: 'tshark'
[2026-01-08 23:50:38] Scan complete. Threats: 2, Blocked IPs: 1
[2026-01-08 23:51:08] Starting network scan...
[2026-01-08 23:51:08] PCAP parse error: [Errno 2] No such file or directory: 'tshark'
[2026-01-08 23:51:19] Scan complete. Threats: 2, Blocked IPs: 1
[2026-01-08 23:51:49] Starting network scan...
[2026-01-08 23:51:49] PCAP parse error: [Errno 2] No such file or directory: 'tshark'
[2026-01-08 23:51:49] Scan complete. Threats: 2, Blocked IPs: 1
[2026-01-08 23:52:19] Starting network scan...
[2026-01-08 23:52:19] PCAP parse error: [Errno 2] No such file or directory: 'tshark'
[2026-01-08 23:52:30] Scan complete. Threats: 2, Blocked IPs: 1
[2026-01-08 23:53:00] Starting network scan...
[2026-01-08 23:53:00] PCAP parse error: [Errno 2] No such file or directory: 'tshark'
[2026-01-08 23:53:00] Scan complete. Threats: 2, Blocked IPs: 1
[2026-01-08 23:53:30] Starting network scan...
[2026-01-08 23:53:30] PCAP parse error: [Errno 2] No such file or directory: 'tshark'
[2026-01-08 23:53:41] Scan complete. Threats: 2, Blocked IPs: 1
[2026-01-08 23:54:11] Starting network scan...
[2026-01-08 23:54:11] PCAP parse error: [Errno 2] No such file or directory: 'tshark'
[2026-01-08 23:54:11] Scan complete. Threats: 2, Blocked IPs: 1
[2026-01-08 23:54:41] Starting network scan...
[2026-01-08 23:54:41] PCAP parse error: [Errno 2] No such file or directory: 'tshark'
[2026-01-08 23:54:52] Scan complete. Threats: 2, Blocked IPs: 1
[2026-01-08 23:55:22] Starting network scan...
[2026-01-08 23:55:22] PCAP parse error: [Errno 2] No such file or directory: 'tshark'
[2026-01-08 23:55:22] Scan complete. Threats: 2, Blocked IPs: 1
[2026-01-08 23:55:52] Starting network scan...
[2026-01-08 23:55:52] PCAP parse error: [Errno 2] No such file or directory: 'tshark'
[2026-01-08 23:56:03] Scan complete. Threats: 2, Blocked IPs: 1
[2026-01-08 23:56:33] Starting network scan...
[2026-01-08 23:56:33] PCAP parse error: [Errno 2] No such file or directory: 'tshark'
[2026-01-08 23:56:33] Scan complete. Threats: 2, Blocked IPs: 1
[2026-01-08 23:57:03] Starting network scan...
[2026-01-08 23:57:03] PCAP parse error: [Errno 2] No such file or directory: 'tshark'
[2026-01-08 23:57:14] Scan complete. Threats: 2, Blocked IPs: 1
[2026-01-08 23:57:44] Starting network scan...
[2026-01-08 23:57:44] PCAP parse error: [Errno 2] No such file or directory: 'tshark'
[2026-01-08 23:57:44] Scan complete. Threats: 2, Blocked IPs: 1
[2026-01-08 23:58:14] Starting network scan...
[2026-01-08 23:58:14] PCAP parse error: [Errno 2] No such file or directory: 'tshark'
[2026-01-08 23:58:25] Scan complete. Threats: 2, Blocked IPs: 1
[2026-01-08 23:58:55] Starting network scan...
[2026-01-08 23:58:55] PCAP parse error: [Errno 2] No such file or directory: 'tshark'
[2026-01-08 23:58:55] Scan complete. Threats: 2, Blocked IPs: 1
[2026-01-08 23:59:25] Starting network scan...
[2026-01-08 23:59:25] PCAP parse error: [Errno 2] No such file or directory: 'tshark'
[2026-01-08 23:59:36] Scan complete. Threats: 2, Blocked IPs: 1
[2026-01-09 00:00:06] Starting network scan...
[2026-01-09 00:00:06] PCAP parse error: [Errno 2] No such file or directory: 'tshark'
[2026-01-09 00:00:06] Scan complete. Threats: 2, Blocked IPs: 1
[2026-01-09 00:00:36] Starting network scan...
[2026-01-09 00:00:36] PCAP parse error: [Errno 2] No such file or directory: 'tshark'
[2026-01-09 00:00:48] Scan complete. Threats: 2, Blocked IPs: 1
[2026-01-09 00:01:18] Starting network scan...
[2026-01-09 00:01:18] PCAP parse error: [Errno 2] No such file or directory: 'tshark'
[2026-01-09 00:01:18] Scan complete. Threats: 2, Blocked IPs: 1
[2026-01-09 00:01:48] Starting network scan...
[2026-01-09 00:01:48] PCAP parse error: [Errno 2] No such file or directory: 'tshark'
[2026-01-09 00:01:59] Scan complete. Threats: 2, Blocked IPs: 1
[2026-01-09 00:02:29] Starting network scan...
[2026-01-09 00:02:29] PCAP parse error: [Errno 2] No such file or directory: 'tshark'
[2026-01-09 00:02:29] Scan complete. Threats: 2, Blocked IPs: 1
[2026-01-09 00:02:59] Starting network scan...
[2026-01-09 00:02:59] PCAP parse error: [Errno 2] No such file or directory: 'tshark'
[2026-01-09 00:03:10] Scan complete. Threats: 2, Blocked IPs: 1
[2026-01-09 00:03:40] Starting network scan...
[2026-01-09 00:03:40] PCAP parse error: [Errno 2] No such file or directory: 'tshark'
[2026-01-09 00:03:40] Scan complete. Threats: 2, Blocked IPs: 1
[2026-01-09 00:04:10] Starting network scan...
[2026-01-09 00:04:10] PCAP parse error: [Errno 2] No such file or directory: 'tshark'
[2026-01-09 00:04:21] Scan complete. Threats: 2, Blocked IPs: 1
[2026-01-09 00:04:51] Starting network scan...
[2026-01-09 00:04:51] PCAP parse error: [Errno 2] No such file or directory: 'tshark'
[2026-01-09 00:04:51] Scan complete. Threats: 2, Blocked IPs: 1
[2026-01-09 00:05:21] Starting network scan...
[2026-01-09 00:05:21] PCAP parse error: [Errno 2] No such file or directory: 'tshark'
[2026-01-09 00:05:33] Scan complete. Threats: 2, Blocked IPs: 1
[2026-01-09 00:06:03] Starting network scan...
[2026-01-09 00:06:03] PCAP parse error: [Errno 2] No such file or directory: 'tshark'
[2026-01-09 00:06:03] Scan complete. Threats: 2, Blocked IPs: 1
[2026-01-09 00:06:33] Starting network scan...
[2026-01-09 00:06:33] PCAP parse error: [Errno 2] No such file or directory: 'tshark'
[2026-01-09 00:06:44] Scan complete. Threats: 2, Blocked IPs: 1
[2026-01-09 00:07:14] Starting network scan...
[2026-01-09 00:07:14] PCAP parse error: [Errno 2] No such file or directory: 'tshark'
[2026-01-09 00:07:14] Scan complete. Threats: 2, Blocked IPs: 1
[2026-01-09 00:07:44] Starting network scan...
[2026-01-09 00:07:44] PCAP parse error: [Errno 2] No such file or directory: 'tshark'
[2026-01-09 00:07:55] Scan complete. Threats: 2, Blocked IPs: 1
[2026-01-09 00:08:25] Starting network scan...
[2026-01-09 00:08:25] PCAP parse error: [Errno 2] No such file or directory: 'tshark'
[2026-01-09 00:08:25] Scan complete. Threats: 2, Blocked IPs: 1
[2026-01-09 00:08:55] Starting network scan...
[2026-01-09 00:08:55] PCAP parse error: [Errno 2] No such file or directory: 'tshark'
[2026-01-09 00:09:06] Scan complete. Threats: 2, Blocked IPs: 1
[2026-01-09 00:09:36] Starting network scan...
[2026-01-09 00:09:36] PCAP parse error: [Errno 2] No such file or directory: 'tshark'
[2026-01-09 00:09:36] Scan complete. Threats: 2, Blocked IPs: 1
[2026-01-09 00:10:06] Starting network scan...
[2026-01-09 00:10:06] PCAP parse error: [Errno 2] No such file or directory: 'tshark'
[2026-01-09 00:10:17] Scan complete. Threats: 2, Blocked IPs: 1
[2026-01-09 00:10:47] Starting network scan...
[2026-01-09 00:10:47] PCAP parse error: [Errno 2] No such file or directory: 'tshark'
[2026-01-09 00:10:47] Scan complete. Threats: 2, Blocked IPs: 1
[2026-01-09 00:11:17] Starting network scan...
[2026-01-09 00:11:17] PCAP parse error: [Errno 2] No such file or directory: 'tshark'
[2026-01-09 00:11:28] Scan complete. Threats: 2, Blocked IPs: 1
[2026-01-09 00:11:58] Starting network scan...
[2026-01-09 00:11:58] PCAP parse error: [Errno 2] No such file or directory: 'tshark'
[2026-01-09 00:11:58] Scan complete. Threats: 2, Blocked IPs: 1
[2026-01-09 00:12:28] Starting network scan...
[2026-01-09 00:12:28] PCAP parse error: [Errno 2] No such file or directory: 'tshark'
[2026-01-09 00:12:40] Scan complete. Threats: 2, Blocked IPs: 1
[2026-01-09 00:13:10] Starting network scan...
[2026-01-09 00:13:10] PCAP parse error: [Errno 2] No such file or directory: 'tshark'
[2026-01-09 00:13:10] Scan complete. Threats: 2, Blocked IPs: 1
[2026-01-09 00:13:40] Starting network scan...
[2026-01-09 00:13:40] PCAP parse error: [Errno 2] No such file or directory: 'tshark'
[2026-01-09 00:13:51] Scan complete. Threats: 2, Blocked IPs: 1
[2026-01-09 00:14:21] Starting network scan...
[2026-01-09 00:14:21] PCAP parse error: [Errno 2] No such file or directory: 'tshark'
[2026-01-09 00:14:21] Scan complete. Threats: 2, Blocked IPs: 1
[2026-01-09 00:14:51] Starting network scan...
[2026-01-09 00:14:51] PCAP parse error: [Errno 2] No such file or directory: 'tshark'
[2026-01-09 00:15:02] Scan complete. Threats: 2, Blocked IPs: 1
[2026-01-09 00:15:32] Starting network scan...
[2026-01-09 00:15:32] PCAP parse error: [Errno 2] No such file or directory: 'tshark'
[2026-01-09 00:15:32] Scan complete. Threats: 2, Blocked IPs: 1
[2026-01-09 00:16:02] Starting network scan...
[2026-01-09 00:16:02] PCAP parse error: [Errno 2] No such file or directory: 'tshark'
[2026-01-09 00:16:13] Scan complete. Threats: 2, Blocked IPs: 1
[2026-01-09 00:16:43] Starting network scan...
[2026-01-09 00:16:43] PCAP parse error: [Errno 2] No such file or directory: 'tshark'
[2026-01-09 00:16:43] Scan complete. Threats: 2, Blocked IPs: 1
[2026-01-09 00:17:13] Starting network scan...
[2026-01-09 00:17:13] PCAP parse error: [Errno 2] No such file or directory: 'tshark'
[2026-01-09 00:17:25] Scan complete. Threats: 2, Blocked IPs: 1
[2026-01-09 00:17:55] Starting network scan...
[2026-01-09 00:17:55] PCAP parse error: [Errno 2] No such file or directory: 'tshark'
[2026-01-09 00:17:55] Scan complete. Threats: 2, Blocked IPs: 1
[2026-01-09 00:18:25] Starting network scan...
[2026-01-09 00:18:25] PCAP parse error: [Errno 2] No such file or directory: 'tshark'
[2026-01-09 00:18:36] Scan complete. Threats: 2, Blocked IPs: 1
[2026-01-09 00:19:06] Starting network scan...
[2026-01-09 00:19:06] PCAP parse error: [Errno 2] No such file or directory: 'tshark'
[2026-01-09 00:19:06] Scan complete. Threats: 2, Blocked IPs: 1
[2026-01-09 00:19:36] Starting network scan...
[2026-01-09 00:19:36] PCAP parse error: [Errno 2] No such file or directory: 'tshark'
[2026-01-09 00:19:47] Scan complete. Threats: 2, Blocked IPs: 1
[2026-01-09 00:20:17] Starting network scan...
[2026-01-09 00:20:17] PCAP parse error: [Errno 2] No such file or directory: 'tshark'
[2026-01-09 00:20:17] Scan complete. Threats: 2, Blocked IPs: 1
[2026-01-09 00:20:47] Starting network scan...
[2026-01-09 00:20:47] PCAP parse error: [Errno 2] No such file or directory: 'tshark'
[2026-01-09 00:20:58] Scan complete. Threats: 2, Blocked IPs: 1
[2026-01-09 00:21:28] Starting network scan...
[2026-01-09 00:21:28] PCAP parse error: [Errno 2] No such file or directory: 'tshark'
[2026-01-09 00:21:28] Scan complete. Threats: 2, Blocked IPs: 1
[2026-01-09 00:21:58] Starting network scan...
[2026-01-09 00:21:58] PCAP parse error: [Errno 2] No such file or directory: 'tshark'
[2026-01-09 00:22:09] Scan complete. Threats: 2, Blocked IPs: 1
[2026-01-09 00:22:39] Starting network scan...
[2026-01-09 00:22:39] PCAP parse error: [Errno 2] No such file or directory: 'tshark'
[2026-01-09 00:22:40] Scan complete. Threats: 2, Blocked IPs: 1
[2026-01-09 00:23:10] Starting network scan...
[2026-01-09 00:23:10] PCAP parse error: [Errno 2] No such file or directory: 'tshark'
[2026-01-09 00:23:21] Scan complete. Threats: 2, Blocked IPs: 1
[2026-01-09 00:23:51] Starting network scan...
[2026-01-09 00:23:51] PCAP parse error: [Errno 2] No such file or directory: 'tshark'
[2026-01-09 00:23:51] Scan complete. Threats: 2, Blocked IPs: 1
[2026-01-09 00:24:21] Starting network scan...
[2026-01-09 00:24:21] PCAP parse error: [Errno 2] No such file or directory: 'tshark'
[2026-01-09 00:24:32] Scan complete. Threats: 2, Blocked IPs: 1
[2026-01-09 00:25:02] Starting network scan...
[2026-01-09 00:25:02] PCAP parse error: [Errno 2] No such file or directory: 'tshark'
[2026-01-09 00:25:02] Scan complete. Threats: 2, Blocked IPs: 1
[2026-01-09 00:25:32] Starting network scan...
[2026-01-09 00:25:32] PCAP parse error: [Errno 2] No such file or directory: 'tshark'
[2026-01-09 00:25:43] Scan complete. Threats: 2, Blocked IPs: 1
[2026-01-09 00:26:13] Starting network scan...
[2026-01-09 00:26:13] PCAP parse error: [Errno 2] No such file or directory: 'tshark'
[2026-01-09 00:26:13] Scan complete. Threats: 2, Blocked IPs: 1
[2026-01-09 00:26:43] Starting network scan...
[2026-01-09 00:26:43] PCAP parse error: [Errno 2] No such file or directory: 'tshark'
[2026-01-09 00:26:54] Scan complete. Threats: 2, Blocked IPs: 1
[2026-01-09 00:27:24] Starting network scan...
[2026-01-09 00:27:24] PCAP parse error: [Errno 2] No such file or directory: 'tshark'
[2026-01-09 00:27:24] Scan complete. Threats: 2, Blocked IPs: 1
[2026-01-09 00:27:54] Starting network scan...
[2026-01-09 00:27:54] PCAP parse error: [Errno 2] No such file or directory: 'tshark'
[2026-01-09 00:28:05] Scan complete. Threats: 2, Blocked IPs: 1
[2026-01-09 00:28:35] Starting network scan...
[2026-01-09 00:28:35] PCAP parse error: [Errno 2] No such file or directory: 'tshark'
[2026-01-09 00:28:35] Scan complete. Threats: 2, Blocked IPs: 1
[2026-01-09 00:29:05] Starting network scan...
[2026-01-09 00:29:05] PCAP parse error: [Errno 2] No such file or directory: 'tshark'
[2026-01-09 00:29:16] Scan complete. Threats: 2, Blocked IPs: 1
[2026-01-09 00:29:46] Starting network scan...
[2026-01-09 00:29:46] PCAP parse error: [Errno 2] No such file or directory: 'tshark'
[2026-01-09 00:29:46] Scan complete. Threats: 2, Blocked IPs: 1
[2026-01-09 00:30:16] Starting network scan...
[2026-01-09 00:30:16] PCAP parse error: [Errno 2] No such file or directory: 'tshark'
[2026-01-09 00:30:28] Scan complete. Threats: 2, Blocked IPs: 1
[2026-01-09 00:30:58] Starting network scan...
[2026-01-09 00:30:58] PCAP parse error: [Errno 2] No such file or directory: 'tshark'
[2026-01-09 00:30:58] Scan complete. Threats: 2, Blocked IPs: 1
[2026-01-09 00:31:28] Starting network scan...
[2026-01-09 00:31:28] PCAP parse error: [Errno 2] No such file or directory: 'tshark'
[2026-01-09 00:31:39] Scan complete. Threats: 2, Blocked IPs: 1
[2026-01-09 00:32:09] Starting network scan...
[2026-01-09 00:32:09] PCAP parse error: [Errno 2] No such file or directory: 'tshark'
[2026-01-09 00:32:09] Scan complete. Threats: 2, Blocked IPs: 1
[2026-01-09 00:32:39] Starting network scan...
[2026-01-09 00:32:39] PCAP parse error: [Errno 2] No such file or directory: 'tshark'
[2026-01-09 00:32:50] Scan complete. Threats: 2, Blocked IPs: 1
[2026-01-09 00:33:20] Starting network scan...
[2026-01-09 00:33:20] PCAP parse error: [Errno 2] No such file or directory: 'tshark'
[2026-01-09 00:33:20] Scan complete. Threats: 2, Blocked IPs: 1
[2026-01-09 00:33:50] Starting network scan...
[2026-01-09 00:33:50] PCAP parse error: [Errno 2] No such file or directory: 'tshark'
[2026-01-09 00:34:02] Scan complete. Threats: 2, Blocked IPs: 1
[2026-01-09 00:34:32] Starting network scan...
[2026-01-09 00:34:32] PCAP parse error: [Errno 2] No such file or directory: 'tshark'
[2026-01-09 00:34:32] Scan complete. Threats: 2, Blocked IPs: 1
[2026-01-09 00:35:02] Starting network scan...
[2026-01-09 00:35:02] PCAP parse error: [Errno 2] No such file or directory: 'tshark'
[2026-01-09 00:35:13] Scan complete. Threats: 2, Blocked IPs: 1
[2026-01-09 00:35:43] Starting network scan...
[2026-01-09 00:35:43] PCAP parse error: [Errno 2] No such file or directory: 'tshark'
[2026-01-09 00:35:43] Scan complete. Threats: 2, Blocked IPs: 1
[2026-01-09 00:36:13] Starting network scan...
[2026-01-09 00:36:13] PCAP parse error: [Errno 2] No such file or directory: 'tshark'
[2026-01-09 00:36:24] Scan complete. Threats: 2, Blocked IPs: 1
[2026-01-09 00:36:54] Starting network scan...
[2026-01-09 00:36:54] PCAP parse error: [Errno 2] No such file or directory: 'tshark'
[2026-01-09 00:36:54] Scan complete. Threats: 2, Blocked IPs: 1
[2026-01-09 00:37:24] Starting network scan...
[2026-01-09 00:37:24] PCAP parse error: [Errno 2] No such file or directory: 'tshark'
[2026-01-09 00:37:35] Scan complete. Threats: 2, Blocked IPs: 1
[2026-01-09 00:38:05] Starting network scan...
[2026-01-09 00:38:05] PCAP parse error: [Errno 2] No such file or directory: 'tshark'
[2026-01-09 00:38:05] Scan complete. Threats: 2, Blocked IPs: 1
[2026-01-09 00:38:35] Starting network scan...
[2026-01-09 00:38:35] PCAP parse error: [Errno 2] No such file or directory: 'tshark'
[2026-01-09 00:38:46] Scan complete. Threats: 2, Blocked IPs: 1
[2026-01-09 00:39:16] Starting network scan...
[2026-01-09 00:39:17] PCAP parse error: [Errno 2] No such file or directory: 'tshark'
[2026-01-09 00:39:17] Scan complete. Threats: 2, Blocked IPs: 1
[2026-01-09 00:39:47] Starting network scan...
[2026-01-09 00:39:47] PCAP parse error: [Errno 2] No such file or directory: 'tshark'
[2026-01-09 00:39:58] Scan complete. Threats: 2, Blocked IPs: 1
[2026-01-09 00:40:28] Starting network scan...
[2026-01-09 00:40:28] PCAP parse error: [Errno 2] No such file or directory: 'tshark'
[2026-01-09 00:40:28] Scan complete. Threats: 2, Blocked IPs: 1
[2026-01-09 00:40:58] Starting network scan...
[2026-01-09 00:40:58] PCAP parse error: [Errno 2] No such file or directory: 'tshark'
[2026-01-09 00:41:09] Scan complete. Threats: 2, Blocked IPs: 1
[2026-01-09 00:41:39] Starting network scan...
[2026-01-09 00:41:39] PCAP parse error: [Errno 2] No such file or directory: 'tshark'
[2026-01-09 00:41:39] Scan complete. Threats: 2, Blocked IPs: 1
[2026-01-09 00:42:09] Starting network scan...
[2026-01-09 00:42:09] PCAP parse error: [Errno 2] No such file or directory: 'tshark'
[2026-01-09 00:42:20] Scan complete. Threats: 2, Blocked IPs: 1
[2026-01-09 00:42:50] Starting network scan...
[2026-01-09 00:42:50] PCAP parse error: [Errno 2] No such file or directory: 'tshark'
[2026-01-09 00:42:50] Scan complete. Threats: 2, Blocked IPs: 1
[2026-01-09 00:43:20] Starting network scan...
[2026-01-09 00:43:20] PCAP parse error: [Errno 2] No such file or directory: 'tshark'
[2026-01-09 00:43:31] Scan complete. Threats: 2, Blocked IPs: 1
[2026-01-09 00:44:01] Starting network scan...
[2026-01-09 00:44:01] PCAP parse error: [Errno 2] No such file or directory: 'tshark'
[2026-01-09 00:44:01] Scan complete. Threats: 2, Blocked IPs: 1
[2026-01-09 00:44:31] Starting network scan...
[2026-01-09 00:44:31] PCAP parse error: [Errno 2] No such file or directory: 'tshark'
[2026-01-09 00:44:43] Scan complete. Threats: 2, Blocked IPs: 1
[2026-01-09 00:45:13] Starting network scan...
[2026-01-09 00:45:13] PCAP parse error: [Errno 2] No such file or directory: 'tshark'
[2026-01-09 00:45:13] Scan complete. Threats: 2, Blocked IPs: 1
[2026-01-09 00:45:43] Starting network scan...
[2026-01-09 00:45:43] PCAP parse error: [Errno 2] No such file or directory: 'tshark'
[2026-01-09 00:45:54] Scan complete. Threats: 2, Blocked IPs: 1
[2026-01-09 00:46:24] Starting network scan...
[2026-01-09 00:46:24] PCAP parse error: [Errno 2] No such file or directory: 'tshark'
[2026-01-09 00:46:24] Scan complete. Threats: 2, Blocked IPs: 1
[2026-01-09 00:46:54] Starting network scan...
[2026-01-09 00:46:54] PCAP parse error: [Errno 2] No such file or directory: 'tshark'
[2026-01-09 00:47:05] Scan complete. Threats: 2, Blocked IPs: 1
[2026-01-09 00:47:35] Starting network scan...
[2026-01-09 00:47:35] PCAP parse error: [Errno 2] No such file or directory: 'tshark'
[2026-01-09 00:47:35] Scan complete. Threats: 2, Blocked IPs: 1
[2026-01-09 00:48:05] Starting network scan...
[2026-01-09 00:48:05] PCAP parse error: [Errno 2] No such file or directory: 'tshark'
[2026-01-09 00:48:16] Scan complete. Threats: 2, Blocked IPs: 1
[2026-01-09 00:48:46] Starting network scan...
[2026-01-09 00:48:46] PCAP parse error: [Errno 2] No such file or directory: 'tshark'
[2026-01-09 00:48:46] Scan complete. Threats: 2, Blocked IPs: 1
[2026-01-09 00:49:16] Starting network scan...
[2026-01-09 00:49:16] PCAP parse error: [Errno 2] No such file or directory: 'tshark'
[2026-01-09 00:49:27] Scan complete. Threats: 2, Blocked IPs: 1
[2026-01-09 00:49:57] Starting network scan...
[2026-01-09 00:49:57] PCAP parse error: [Errno 2] No such file or directory: 'tshark'
[2026-01-09 00:49:57] Scan complete. Threats: 2, Blocked IPs: 1
[2026-01-09 00:50:27] Starting network scan...
[2026-01-09 00:50:27] PCAP parse error: [Errno 2] No such file or directory: 'tshark'
[2026-01-09 00:50:38] Scan complete. Threats: 2, Blocked IPs: 1
[2026-01-09 00:51:08] Starting network scan...
[2026-01-09 00:51:08] PCAP parse error: [Errno 2] No such file or directory: 'tshark'
[2026-01-09 00:51:09] Scan complete. Threats: 2, Blocked IPs: 1
[2026-01-09 00:51:39] Starting network scan...
[2026-01-09 00:51:39] PCAP parse error: [Errno 2] No such file or directory: 'tshark'
[2026-01-09 00:51:50] Scan complete. Threats: 2, Blocked IPs: 1
[2026-01-09 00:52:20] Starting network scan...
[2026-01-09 00:52:20] PCAP parse error: [Errno 2] No such file or directory: 'tshark'
[2026-01-09 00:52:20] Scan complete. Threats: 2, Blocked IPs: 1
[2026-01-09 00:52:50] Starting network scan...
[2026-01-09 00:52:50] PCAP parse error: [Errno 2] No such file or directory: 'tshark'
[2026-01-09 00:53:01] Scan complete. Threats: 2, Blocked IPs: 1
[2026-01-09 00:53:31] Starting network scan...
[2026-01-09 00:53:31] PCAP parse error: [Errno 2] No such file or directory: 'tshark'
[2026-01-09 00:53:31] Scan complete. Threats: 2, Blocked IPs: 1
[2026-01-09 00:54:01] Starting network scan...
[2026-01-09 00:54:01] PCAP parse error: [Errno 2] No such file or directory: 'tshark'
[2026-01-09 00:54:12] Scan complete. Threats: 2, Blocked IPs: 1
[2026-01-09 00:54:42] Starting network scan...
[2026-01-09 00:54:42] PCAP parse error: [Errno 2] No such file or directory: 'tshark'
[2026-01-09 00:54:42] Scan complete. Threats: 2, Blocked IPs: 1
[2026-01-09 00:55:12] Starting network scan...
[2026-01-09 00:55:12] PCAP parse error: [Errno 2] No such file or directory: 'tshark'
[2026-01-09 00:55:23] Scan complete. Threats: 2, Blocked IPs: 1
[2026-01-09 00:55:53] Starting network scan...
[2026-01-09 00:55:53] PCAP parse error: [Errno 2] No such file or directory: 'tshark'
[2026-01-09 00:55:53] Scan complete. Threats: 2, Blocked IPs: 1
[2026-01-09 00:56:23] Starting network scan...
[2026-01-09 00:56:23] PCAP parse error: [Errno 2] No such file or directory: 'tshark'
[2026-01-09 00:56:35] Scan complete. Threats: 2, Blocked IPs: 1
[2026-01-09 00:57:05] Starting network scan...
[2026-01-09 00:57:05] PCAP parse error: [Errno 2] No such file or directory: 'tshark'
[2026-01-09 00:57:05] Scan complete. Threats: 2, Blocked IPs: 1
[2026-01-09 00:57:35] Starting network scan...
[2026-01-09 00:57:35] PCAP parse error: [Errno 2] No such file or directory: 'tshark'
[2026-01-09 00:57:46] Scan complete. Threats: 2, Blocked IPs: 1
[2026-01-09 00:58:16] Starting network scan...
[2026-01-09 00:58:16] PCAP parse error: [Errno 2] No such file or directory: 'tshark'
[2026-01-09 00:58:16] Scan complete. Threats: 2, Blocked IPs: 1
[2026-01-09 00:58:46] Starting network scan...
[2026-01-09 00:58:46] PCAP parse error: [Errno 2] No such file or directory: 'tshark'
[2026-01-09 00:58:57] Scan complete. Threats: 2, Blocked IPs: 1
[2026-01-09 00:59:27] Starting network scan...
[2026-01-09 00:59:27] PCAP parse error: [Errno 2] No such file or directory: 'tshark'
[2026-01-09 00:59:27] Scan complete. Threats: 2, Blocked IPs: 1
[2026-01-09 00:59:57] Starting network scan...
[2026-01-09 00:59:57] PCAP parse error: [Errno 2] No such file or directory: 'tshark'
[2026-01-09 01:00:09] Scan complete. Threats: 2, Blocked IPs: 1
[2026-01-09 01:00:39] Starting network scan...
[2026-01-09 01:00:39] PCAP parse error: [Errno 2] No such file or directory: 'tshark'
[2026-01-09 01:00:39] Scan complete. Threats: 2, Blocked IPs: 1
[2026-01-09 01:01:09] Starting network scan...
[2026-01-09 01:01:09] PCAP parse error: [Errno 2] No such file or directory: 'tshark'
[2026-01-09 01:01:20] Scan complete. Threats: 2, Blocked IPs: 1
[2026-01-09 01:01:50] Starting network scan...
[2026-01-09 01:01:50] PCAP parse error: [Errno 2] No such file or directory: 'tshark'
[2026-01-09 01:01:50] Scan complete. Threats: 2, Blocked IPs: 1
[2026-01-09 01:02:20] Starting network scan...
[2026-01-09 01:02:20] PCAP parse error: [Errno 2] No such file or directory: 'tshark'
[2026-01-09 01:02:31] Scan complete. Threats: 2, Blocked IPs: 1
[2026-01-09 01:03:01] Starting network scan...
[2026-01-09 01:03:01] PCAP parse error: [Errno 2] No such file or directory: 'tshark'
[2026-01-09 01:03:01] Scan complete. Threats: 2, Blocked IPs: 1
[2026-01-09 01:03:31] Starting network scan...
[2026-01-09 01:03:31] PCAP parse error: [Errno 2] No such file or directory: 'tshark'
[2026-01-09 01:03:42] Scan complete. Threats: 2, Blocked IPs: 1
[2026-01-09 01:04:12] Starting network scan...
[2026-01-09 01:04:12] PCAP parse error: [Errno 2] No such file or directory: 'tshark'
[2026-01-09 01:04:12] Scan complete. Threats: 2, Blocked IPs: 1
[2026-01-09 01:04:42] Starting network scan...
[2026-01-09 01:04:42] PCAP parse error: [Errno 2] No such file or directory: 'tshark'
[2026-01-09 01:04:54] Scan complete. Threats: 2, Blocked IPs: 1
[2026-01-09 01:05:24] Starting network scan...
[2026-01-09 01:05:24] PCAP parse error: [Errno 2] No such file or directory: 'tshark'
[2026-01-09 01:05:24] Scan complete. Threats: 2, Blocked IPs: 1
[2026-01-09 01:05:54] Starting network scan...
[2026-01-09 01:05:54] PCAP parse error: [Errno 2] No such file or directory: 'tshark'
[2026-01-09 01:06:05] Scan complete. Threats: 2, Blocked IPs: 1
[2026-01-09 01:06:35] Starting network scan...
[2026-01-09 01:06:35] PCAP parse error: [Errno 2] No such file or directory: 'tshark'
[2026-01-09 01:06:35] Scan complete. Threats: 2, Blocked IPs: 1
[2026-01-09 01:07:05] Starting network scan...
[2026-01-09 01:07:05] PCAP parse error: [Errno 2] No such file or directory: 'tshark'
[2026-01-09 01:07:16] Scan complete. Threats: 2, Blocked IPs: 1
[2026-01-09 01:07:46] Starting network scan...
[2026-01-09 01:07:46] PCAP parse error: [Errno 2] No such file or directory: 'tshark'
[2026-01-09 01:07:46] Scan complete. Threats: 2, Blocked IPs: 1
[2026-01-09 01:08:16] Starting network scan...
[2026-01-09 01:08:16] PCAP parse error: [Errno 2] No such file or directory: 'tshark'
[2026-01-09 01:08:27] Scan complete. Threats: 2, Blocked IPs: 1
[2026-01-09 01:08:57] Starting network scan...
[2026-01-09 01:08:57] PCAP parse error: [Errno 2] No such file or directory: 'tshark'
[2026-01-09 01:08:57] Scan complete. Threats: 2, Blocked IPs: 1
[2026-01-09 01:09:27] Starting network scan...
[2026-01-09 01:09:27] PCAP parse error: [Errno 2] No such file or directory: 'tshark'
[2026-01-09 01:09:38] Scan complete. Threats: 2, Blocked IPs: 1
[2026-01-09 01:10:08] Starting network scan...
[2026-01-09 01:10:08] PCAP parse error: [Errno 2] No such file or directory: 'tshark'
[2026-01-09 01:10:08] Scan complete. Threats: 2, Blocked IPs: 1
[2026-01-09 01:10:38] Starting network scan...
[2026-01-09 01:10:38] PCAP parse error: [Errno 2] No such file or directory: 'tshark'
[2026-01-09 01:10:49] Scan complete. Threats: 2, Blocked IPs: 1
[2026-01-09 01:11:19] Starting network scan...
[2026-01-09 01:11:19] PCAP parse error: [Errno 2] No such file or directory: 'tshark'
[2026-01-09 01:11:19] Scan complete. Threats: 2, Blocked IPs: 1
[2026-01-09 01:11:49] Starting network scan...
[2026-01-09 01:11:49] PCAP parse error: [Errno 2] No such file or directory: 'tshark'
[2026-01-09 01:12:01] Scan complete. Threats: 2, Blocked IPs: 1
[2026-01-09 01:12:31] Starting network scan...
[2026-01-09 01:12:31] PCAP parse error: [Errno 2] No such file or directory: 'tshark'
[2026-01-09 01:12:31] Scan complete. Threats: 2, Blocked IPs: 1
[2026-01-09 01:13:01] Starting network scan...
[2026-01-09 01:13:01] PCAP parse error: [Errno 2] No such file or directory: 'tshark'
[2026-01-09 01:13:12] Scan complete. Threats: 2, Blocked IPs: 1
[2026-01-09 01:13:42] Starting network scan...
[2026-01-09 01:13:42] PCAP parse error: [Errno 2] No such file or directory: 'tshark'
[2026-01-09 01:13:42] Scan complete. Threats: 2, Blocked IPs: 1
[2026-01-09 01:14:12] Starting network scan...
[2026-01-09 01:14:12] PCAP parse error: [Errno 2] No such file or directory: 'tshark'
[2026-01-09 01:14:23] Scan complete. Threats: 2, Blocked IPs: 1
[2026-01-09 01:14:53] Starting network scan...
[2026-01-09 01:14:53] PCAP parse error: [Errno 2] No such file or directory: 'tshark'
[2026-01-09 01:14:53] Scan complete. Threats: 2, Blocked IPs: 1
[2026-01-09 01:15:23] Starting network scan...
[2026-01-09 01:15:23] PCAP parse error: [Errno 2] No such file or directory: 'tshark'
[2026-01-09 01:15:34] Scan complete. Threats: 2, Blocked IPs: 1
[2026-01-09 01:16:04] Starting network scan...
[2026-01-09 01:16:04] PCAP parse error: [Errno 2] No such file or directory: 'tshark'
[2026-01-09 01:16:04] Scan complete. Threats: 2, Blocked IPs: 1
[2026-01-09 01:16:34] Starting network scan...
[2026-01-09 01:16:34] PCAP parse error: [Errno 2] No such file or directory: 'tshark'
[2026-01-09 01:16:46] Scan complete. Threats: 2, Blocked IPs: 1
[2026-01-09 01:17:16] Starting network scan...
[2026-01-09 01:17:16] PCAP parse error: [Errno 2] No such file or directory: 'tshark'
[2026-01-09 01:17:16] Scan complete. Threats: 2, Blocked IPs: 1
[2026-01-09 01:17:46] Starting network scan...
[2026-01-09 01:17:46] PCAP parse error: [Errno 2] No such file or directory: 'tshark'
[2026-01-09 01:17:57] Scan complete. Threats: 2, Blocked IPs: 1
[2026-01-09 01:18:27] Starting network scan...
[2026-01-09 01:18:27] PCAP parse error: [Errno 2] No such file or directory: 'tshark'
[2026-01-09 01:18:27] Scan complete. Threats: 2, Blocked IPs: 1
[2026-01-09 01:18:57] Starting network scan...
[2026-01-09 01:18:57] PCAP parse error: [Errno 2] No such file or directory: 'tshark'
[2026-01-09 01:19:08] Scan complete. Threats: 2, Blocked IPs: 1
[2026-01-09 01:19:38] Starting network scan...
[2026-01-09 01:19:38] PCAP parse error: [Errno 2] No such file or directory: 'tshark'
[2026-01-09 01:19:38] Scan complete. Threats: 2, Blocked IPs: 1
[2026-01-09 01:20:08] Starting network scan...
[2026-01-09 01:20:08] PCAP parse error: [Errno 2] No such file or directory: 'tshark'
[2026-01-09 01:20:19] Scan complete. Threats: 2, Blocked IPs: 1
[2026-01-09 01:20:49] Starting network scan...
[2026-01-09 01:20:49] PCAP parse error: [Errno 2] No such file or directory: 'tshark'
[2026-01-09 01:20:49] Scan complete. Threats: 2, Blocked IPs: 1
[2026-01-09 01:21:19] Starting network scan...
[2026-01-09 01:21:19] PCAP parse error: [Errno 2] No such file or directory: 'tshark'
[2026-01-09 01:21:31] Scan complete. Threats: 2, Blocked IPs: 1
[2026-01-09 01:22:01] Starting network scan...
[2026-01-09 01:22:01] PCAP parse error: [Errno 2] No such file or directory: 'tshark'
[2026-01-09 01:22:01] Scan complete. Threats: 2, Blocked IPs: 1
[2026-01-09 01:22:31] Starting network scan...
[2026-01-09 01:22:31] PCAP parse error: [Errno 2] No such file or directory: 'tshark'
[2026-01-09 01:22:42] Scan complete. Threats: 2, Blocked IPs: 1
